<?xml version="1.0" encoding="UTF-8"?>
<!-- Generated by org.testng.reporters.JUnitXMLReporter -->
<testsuite ignored="0" hostname="ATMECSBLRLT-082" failures="0" tests="2" name="SampleTest" time="50.563" errors="0" timestamp="12 Oct 2023 12:11:04 GMT">
  <testcase classname="org.atmecs.fuction_calling_orangehrm.testscript.OrangeHRMTestScript" name="launchApp" time="10.046"/>
  <testcase classname="org.atmecs.fuction_calling_orangehrm.testscript.OrangeHRMTestScript" name="pimTabActions" time="39.212"/>
</testsuite> <!-- SampleTest -->
